<?xml version="1.0" encoding="UTF-8"?>
<testsuite xmlns:xsi="http://www.w3.org/2001/XMLSchema-instance" xsi:noNamespaceSchemaLocation="https://maven.apache.org/surefire/maven-surefire-plugin/xsd/surefire-test-report-3.0.xsd" version="3.0" name="com.ksyun.MdTest" time="0.001" tests="0" errors="0" skipped="0" failures="0">
  <properties>
    <property name="gopherProxySet" value="false"/>
    <property name="awt.toolkit" value="sun.lwawt.macosx.LWCToolkit"/>
    <property name="file.encoding.pkg" value="sun.io"/>
    <property name="java.specification.version" value="1.8"/>
    <property name="sun.cpu.isalist" value=""/>
    <property name="sun.jnu.encoding" value="UTF-8"/>
    <property name="java.class.path" value="/Users/liuzongyu/IdeaProjects/MdGenerator/target/test-classes:/Users/liuzongyu/IdeaProjects/MdGenerator/target/classes:/Users/liuzongyu/Environment/Repos/maven_repos/junit/junit/3.8.1/junit-3.8.1.jar:/Users/liuzongyu/Environment/Repos/maven_repos/org/springframework/spring-webmvc/5.0.7.RELEASE/spring-webmvc-5.0.7.RELEASE.jar:/Users/liuzongyu/Environment/Repos/maven_repos/org/springframework/spring-aop/5.0.7.RELEASE/spring-aop-5.0.7.RELEASE.jar:/Users/liuzongyu/Environment/Repos/maven_repos/org/springframework/spring-beans/5.0.7.RELEASE/spring-beans-5.0.7.RELEASE.jar:/Users/liuzongyu/Environment/Repos/maven_repos/org/springframework/spring-context/5.0.7.RELEASE/spring-context-5.0.7.RELEASE.jar:/Users/liuzongyu/Environment/Repos/maven_repos/org/springframework/spring-expression/5.0.7.RELEASE/spring-expression-5.0.7.RELEASE.jar:/Users/liuzongyu/Environment/Repos/maven_repos/org/springframework/spring-web/5.0.7.RELEASE/spring-web-5.0.7.RELEASE.jar:/Users/liuzongyu/Environment/Repos/maven_repos/org/springframework/spring-core/5.0.7.RELEASE/spring-core-5.0.7.RELEASE.jar:/Users/liuzongyu/Environment/Repos/maven_repos/org/springframework/spring-jcl/5.0.7.RELEASE/spring-jcl-5.0.7.RELEASE.jar:/Users/liuzongyu/Environment/Repos/maven_repos/org/hibernate/validator/hibernate-validator/6.1.5.Final/hibernate-validator-6.1.5.Final.jar:/Users/liuzongyu/Environment/Repos/maven_repos/jakarta/validation/jakarta.validation-api/2.0.2/jakarta.validation-api-2.0.2.jar:/Users/liuzongyu/Environment/Repos/maven_repos/org/jboss/logging/jboss-logging/3.3.2.Final/jboss-logging-3.3.2.Final.jar:/Users/liuzongyu/Environment/Repos/maven_repos/com/fasterxml/classmate/1.3.4/classmate-1.3.4.jar:/Users/liuzongyu/Environment/Repos/maven_repos/com/fasterxml/jackson/core/jackson-databind/2.15.4/jackson-databind-2.15.4.jar:/Users/liuzongyu/Environment/Repos/maven_repos/com/fasterxml/jackson/core/jackson-annotations/2.15.4/jackson-annotations-2.15.4.jar:/Users/liuzongyu/Environment/Repos/maven_repos/com/fasterxml/jackson/core/jackson-core/2.15.4/jackson-core-2.15.4.jar:/Users/liuzongyu/Environment/Repos/maven_repos/org/apache/commons/commons-lang3/3.8/commons-lang3-3.8.jar:/Users/liuzongyu/Environment/Repos/maven_repos/org/projectlombok/lombok/1.18.30/lombok-1.18.30.jar:/Users/liuzongyu/Environment/Repos/maven_repos/com/github/javaparser/javaparser-core/3.24.0/javaparser-core-3.24.0.jar:"/>
    <property name="java.vm.vendor" value="Azul Systems, Inc."/>
    <property name="sun.arch.data.model" value="64"/>
    <property name="java.vendor.url" value="http://www.azul.com/"/>
    <property name="user.timezone" value=""/>
    <property name="java.vm.specification.version" value="1.8"/>
    <property name="os.name" value="Mac OS X"/>
    <property name="user.country" value="CN"/>
    <property name="sun.java.launcher" value="SUN_STANDARD"/>
    <property name="sun.boot.library.path" value="/Users/liuzongyu/.sdkman/candidates/java/8.0.422-zulu/zulu-8.jdk/Contents/Home/jre/lib"/>
    <property name="sun.java.command" value="/Users/liuzongyu/IdeaProjects/MdGenerator/target/surefire/surefirebooter-20250121204450073_3.jar /Users/liuzongyu/IdeaProjects/MdGenerator/target/surefire 2025-01-21T20-44-50_021-jvmRun1 surefire-20250121204450073_1tmp surefire_0-20250121204450073_2tmp"/>
    <property name="surefire.test.class.path" value="/Users/liuzongyu/IdeaProjects/MdGenerator/target/test-classes:/Users/liuzongyu/IdeaProjects/MdGenerator/target/classes:/Users/liuzongyu/Environment/Repos/maven_repos/junit/junit/3.8.1/junit-3.8.1.jar:/Users/liuzongyu/Environment/Repos/maven_repos/org/springframework/spring-webmvc/5.0.7.RELEASE/spring-webmvc-5.0.7.RELEASE.jar:/Users/liuzongyu/Environment/Repos/maven_repos/org/springframework/spring-aop/5.0.7.RELEASE/spring-aop-5.0.7.RELEASE.jar:/Users/liuzongyu/Environment/Repos/maven_repos/org/springframework/spring-beans/5.0.7.RELEASE/spring-beans-5.0.7.RELEASE.jar:/Users/liuzongyu/Environment/Repos/maven_repos/org/springframework/spring-context/5.0.7.RELEASE/spring-context-5.0.7.RELEASE.jar:/Users/liuzongyu/Environment/Repos/maven_repos/org/springframework/spring-expression/5.0.7.RELEASE/spring-expression-5.0.7.RELEASE.jar:/Users/liuzongyu/Environment/Repos/maven_repos/org/springframework/spring-web/5.0.7.RELEASE/spring-web-5.0.7.RELEASE.jar:/Users/liuzongyu/Environment/Repos/maven_repos/org/springframework/spring-core/5.0.7.RELEASE/spring-core-5.0.7.RELEASE.jar:/Users/liuzongyu/Environment/Repos/maven_repos/org/springframework/spring-jcl/5.0.7.RELEASE/spring-jcl-5.0.7.RELEASE.jar:/Users/liuzongyu/Environment/Repos/maven_repos/org/hibernate/validator/hibernate-validator/6.1.5.Final/hibernate-validator-6.1.5.Final.jar:/Users/liuzongyu/Environment/Repos/maven_repos/jakarta/validation/jakarta.validation-api/2.0.2/jakarta.validation-api-2.0.2.jar:/Users/liuzongyu/Environment/Repos/maven_repos/org/jboss/logging/jboss-logging/3.3.2.Final/jboss-logging-3.3.2.Final.jar:/Users/liuzongyu/Environment/Repos/maven_repos/com/fasterxml/classmate/1.3.4/classmate-1.3.4.jar:/Users/liuzongyu/Environment/Repos/maven_repos/com/fasterxml/jackson/core/jackson-databind/2.15.4/jackson-databind-2.15.4.jar:/Users/liuzongyu/Environment/Repos/maven_repos/com/fasterxml/jackson/core/jackson-annotations/2.15.4/jackson-annotations-2.15.4.jar:/Users/liuzongyu/Environment/Repos/maven_repos/com/fasterxml/jackson/core/jackson-core/2.15.4/jackson-core-2.15.4.jar:/Users/liuzongyu/Environment/Repos/maven_repos/org/apache/commons/commons-lang3/3.8/commons-lang3-3.8.jar:/Users/liuzongyu/Environment/Repos/maven_repos/org/projectlombok/lombok/1.18.30/lombok-1.18.30.jar:/Users/liuzongyu/Environment/Repos/maven_repos/com/github/javaparser/javaparser-core/3.24.0/javaparser-core-3.24.0.jar:"/>
    <property name="sun.cpu.endian" value="little"/>
    <property name="user.home" value="/Users/liuzongyu"/>
    <property name="user.language" value="zh"/>
    <property name="java.specification.vendor" value="Oracle Corporation"/>
    <property name="java.home" value="/Users/liuzongyu/.sdkman/candidates/java/8.0.422-zulu/zulu-8.jdk/Contents/Home/jre"/>
    <property name="basedir" value="/Users/liuzongyu/IdeaProjects/MdGenerator"/>
    <property name="file.separator" value="/"/>
    <property name="line.separator" value="&#10;"/>
    <property name="jdk.vendor.version" value="Zulu 8.80.0.17-CA-macos-aarch64"/>
    <property name="java.vm.specification.vendor" value="Oracle Corporation"/>
    <property name="java.specification.name" value="Java Platform API Specification"/>
    <property name="java.awt.graphicsenv" value="sun.awt.CGraphicsEnvironment"/>
    <property name="surefire.real.class.path" value="/Users/liuzongyu/IdeaProjects/MdGenerator/target/surefire/surefirebooter-20250121204450073_3.jar"/>
    <property name="sun.boot.class.path" value="/Users/liuzongyu/.sdkman/candidates/java/8.0.422-zulu/zulu-8.jdk/Contents/Home/jre/lib/resources.jar:/Users/liuzongyu/.sdkman/candidates/java/8.0.422-zulu/zulu-8.jdk/Contents/Home/jre/lib/rt.jar:/Users/liuzongyu/.sdkman/candidates/java/8.0.422-zulu/zulu-8.jdk/Contents/Home/jre/lib/sunrsasign.jar:/Users/liuzongyu/.sdkman/candidates/java/8.0.422-zulu/zulu-8.jdk/Contents/Home/jre/lib/jsse.jar:/Users/liuzongyu/.sdkman/candidates/java/8.0.422-zulu/zulu-8.jdk/Contents/Home/jre/lib/jce.jar:/Users/liuzongyu/.sdkman/candidates/java/8.0.422-zulu/zulu-8.jdk/Contents/Home/jre/lib/charsets.jar:/Users/liuzongyu/.sdkman/candidates/java/8.0.422-zulu/zulu-8.jdk/Contents/Home/jre/lib/jfr.jar:/Users/liuzongyu/.sdkman/candidates/java/8.0.422-zulu/zulu-8.jdk/Contents/Home/jre/lib/cat.jar:/Users/liuzongyu/.sdkman/candidates/java/8.0.422-zulu/zulu-8.jdk/Contents/Home/jre/classes"/>
    <property name="sun.management.compiler" value="HotSpot 64-Bit Tiered Compilers"/>
    <property name="java.runtime.version" value="1.8.0_422-b05"/>
    <property name="user.name" value="liuzongyu"/>
    <property name="path.separator" value=":"/>
    <property name="os.version" value="15.1.1"/>
    <property name="java.endorsed.dirs" value="/Users/liuzongyu/.sdkman/candidates/java/8.0.422-zulu/zulu-8.jdk/Contents/Home/jre/lib/endorsed"/>
    <property name="java.runtime.name" value="OpenJDK Runtime Environment"/>
    <property name="file.encoding" value="UTF-8"/>
    <property name="java.vm.name" value="OpenJDK 64-Bit Server VM"/>
    <property name="localRepository" value="/Users/liuzongyu/Environment/Repos/maven_repos"/>
    <property name="java.vendor.url.bug" value="http://www.azul.com/support/"/>
    <property name="java.io.tmpdir" value="/var/folders/gb/6_wqlkcs4j15328dmbx4zgh40000gn/T/"/>
    <property name="idea.version" value="2024.1"/>
    <property name="java.version" value="1.8.0_422"/>
    <property name="user.dir" value="/Users/liuzongyu/IdeaProjects/MdGenerator"/>
    <property name="os.arch" value="aarch64"/>
    <property name="java.vm.specification.name" value="Java Virtual Machine Specification"/>
    <property name="java.awt.printerjob" value="sun.lwawt.macosx.CPrinterJob"/>
    <property name="sun.os.patch.level" value="unknown"/>
    <property name="java.library.path" value="/Users/liuzongyu/Library/Java/Extensions:/Library/Java/Extensions:/Network/Library/Java/Extensions:/System/Library/Java/Extensions:/usr/lib/java:."/>
    <property name="java.vm.info" value="mixed mode"/>
    <property name="java.vendor" value="Azul Systems, Inc."/>
    <property name="java.vm.version" value="25.422-b05"/>
    <property name="java.specification.maintenance.version" value="5"/>
    <property name="java.ext.dirs" value="/Users/liuzongyu/Library/Java/Extensions:/Users/liuzongyu/.sdkman/candidates/java/8.0.422-zulu/zulu-8.jdk/Contents/Home/jre/lib/ext:/Library/Java/Extensions:/Network/Library/Java/Extensions:/System/Library/Java/Extensions:/usr/lib/java"/>
    <property name="sun.io.unicode.encoding" value="UnicodeBig"/>
    <property name="maven.repo.local" value="/Users/liuzongyu/Environment/Repos/maven_repos"/>
    <property name="java.class.version" value="52.0"/>
  </properties>
</testsuite>